{"/Users/joostvandoremalen/Development/freshheads/nestjs-client-gen/src/generator.ts": {"path":"/Users/joostvandoremalen/Development/freshheads/nestjs-client-gen/src/generator.ts","statementMap":{"0":{"start":{"line":1,"column":0},"end":{"line":1,"column":43}},"1":{"start":{"line":2,"column":0},"end":{"line":2,"column":null}},"2":{"start":{"line":10,"column":15},"end":{"line":12,"column":2}},"3":{"start":{"line":14,"column":21},"end":{"line":25,"column":1}},"4":{"start":{"line":15,"column":4},"end":{"line":15,"column":51}},"5":{"start":{"line":16,"column":4},"end":{"line":24,"column":null}},"6":{"start":{"line":16,"column":41},"end":{"line":16,"column":48}},"7":{"start":{"line":16,"column":15},"end":{"line":16,"column":17}},"8":{"start":{"line":16,"column":24},"end":{"line":16,"column":26}},"9":{"start":{"line":16,"column":35},"end":{"line":16,"column":37}},"10":{"start":{"line":17,"column":8},"end":{"line":23,"column":23}},"11":{"start":{"line":35,"column":26},"end":{"line":41,"column":1}},"12":{"start":{"line":36,"column":4},"end":{"line":40,"column":15}},"13":{"start":{"line":37,"column":51},"end":{"line":37,"column":52}},"14":{"start":{"line":38,"column":14},"end":{"line":38,"column":62}},"15":{"start":{"line":43,"column":22},"end":{"line":87,"column":1}},"16":{"start":{"line":44,"column":25},"end":{"line":44,"column":null}},"17":{"start":{"line":44,"column":57},"end":{"line":47,"column":null}},"18":{"start":{"line":45,"column":50},"end":{"line":45,"column":52}},"19":{"start":{"line":45,"column":57},"end":{"line":45,"column":58}},"20":{"start":{"line":46,"column":12},"end":{"line":46,"column":44}},"21":{"start":{"line":49,"column":24},"end":{"line":52,"column":null}},"22":{"start":{"line":54,"column":4},"end":{"line":86,"column":11}},"23":{"start":{"line":62,"column":12},"end":{"line":85,"column":53}},"24":{"start":{"line":76,"column":34},"end":{"line":76,"column":44}},"25":{"start":{"line":82,"column":34},"end":{"line":82,"column":44}},"26":{"start":{"line":89,"column":13},"end":{"line":104,"column":2}},"27":{"start":{"line":90,"column":4},"end":{"line":90,"column":26}},"28":{"start":{"line":91,"column":4},"end":{"line":91,"column":23}},"29":{"start":{"line":92,"column":4},"end":{"line":94,"column":6}},"30":{"start":{"line":95,"column":4},"end":{"line":95,"column":23}},"31":{"start":{"line":96,"column":4},"end":{"line":101,"column":null}},"32":{"start":{"line":96,"column":27},"end":{"line":96,"column":33}},"33":{"start":{"line":96,"column":27},"end":{"line":96,"column":49}},"34":{"start":{"line":96,"column":23},"end":{"line":96,"column":27}},"35":{"start":{"line":97,"column":8},"end":{"line":99,"column":null}},"36":{"start":{"line":97,"column":31},"end":{"line":97,"column":40}},"37":{"start":{"line":97,"column":31},"end":{"line":97,"column":50}},"38":{"start":{"line":97,"column":27},"end":{"line":97,"column":31}},"39":{"start":{"line":98,"column":12},"end":{"line":98,"column":36}},"40":{"start":{"line":100,"column":8},"end":{"line":100,"column":27}},"41":{"start":{"line":103,"column":4},"end":{"line":103,"column":35}}},"fnMap":{"0":{"name":"(anonymous_0)","decl":{"start":{"line":14,"column":21},"end":{"line":14,"column":22}},"loc":{"start":{"line":14,"column":38},"end":{"line":25,"column":1}}},"1":{"name":"(anonymous_1)","decl":{"start":{"line":35,"column":26},"end":{"line":35,"column":27}},"loc":{"start":{"line":35,"column":67},"end":{"line":41,"column":1}}},"2":{"name":"(anonymous_2)","decl":{"start":{"line":37,"column":40},"end":{"line":37,"column":41}},"loc":{"start":{"line":37,"column":52},"end":{"line":39,"column":11}}},"3":{"name":"(anonymous_3)","decl":{"start":{"line":43,"column":22},"end":{"line":43,"column":23}},"loc":{"start":{"line":43,"column":44},"end":{"line":87,"column":1}}},"4":{"name":"(anonymous_4)","decl":{"start":{"line":44,"column":25},"end":{"line":44,"column":26}},"loc":{"start":{"line":44,"column":52},"end":{"line":44,"column":null}}},"5":{"name":"(anonymous_5)","decl":{"start":{"line":45,"column":44},"end":{"line":45,"column":45}},"loc":{"start":{"line":45,"column":58},"end":{"line":47,"column":9}}},"6":{"name":"(anonymous_6)","decl":{"start":{"line":61,"column":15},"end":{"line":61,"column":null}},"loc":{"start":{"line":61,"column":15},"end":{"line":86,"column":9}}},"7":{"name":"(anonymous_7)","decl":{"start":{"line":76,"column":29},"end":{"line":76,"column":30}},"loc":{"start":{"line":76,"column":30},"end":{"line":76,"column":40}}},"8":{"name":"(anonymous_8)","decl":{"start":{"line":82,"column":29},"end":{"line":82,"column":30}},"loc":{"start":{"line":82,"column":30},"end":{"line":82,"column":40}}},"9":{"name":"(anonymous_9)","decl":{"start":{"line":89,"column":30},"end":{"line":89,"column":31}},"loc":{"start":{"line":89,"column":72},"end":{"line":104,"column":1}}}},"branchMap":{"0":{"loc":{"start":{"line":36,"column":11},"end":{"line":40,"column":14}},"type":"cond-expr","locations":[{"start":{"line":37,"column":10},"end":{"line":39,"column":18}},{"start":{"line":40,"column":10},"end":{"line":40,"column":14}}]},"1":{"loc":{"start":{"line":45,"column":26},"end":{"line":45,"column":38}},"type":"binary-expr","locations":[{"start":{"line":45,"column":26},"end":{"line":45,"column":32}},{"start":{"line":45,"column":36},"end":{"line":45,"column":38}}]},"2":{"loc":{"start":{"line":59,"column":13},"end":{"line":59,"column":52}},"type":"cond-expr","locations":[{"start":{"line":59,"column":46},"end":{"line":59,"column":48}},{"start":{"line":59,"column":46},"end":{"line":59,"column":52}}]},"3":{"loc":{"start":{"line":59,"column":13},"end":{"line":59,"column":48}},"type":"binary-expr","locations":[{"start":{"line":59,"column":13},"end":{"line":59,"column":48}},{"start":{"line":59,"column":46},"end":{"line":59,"column":48}}]},"4":{"loc":{"start":{"line":65,"column":66},"end":{"line":66,"column":49}},"type":"cond-expr","locations":[{"start":{"line":66,"column":43},"end":{"line":66,"column":45}},{"start":{"line":66,"column":43},"end":{"line":66,"column":49}}]},"5":{"loc":{"start":{"line":65,"column":66},"end":{"line":66,"column":45}},"type":"binary-expr","locations":[{"start":{"line":65,"column":66},"end":{"line":66,"column":45}},{"start":{"line":66,"column":43},"end":{"line":66,"column":45}}]},"6":{"loc":{"start":{"line":70,"column":20},"end":{"line":74,"column":61}},"type":"binary-expr","locations":[{"start":{"line":70,"column":20},"end":{"line":71,"column":null}},{"start":{"line":73,"column":24},"end":{"line":73,"column":39}},{"start":{"line":74,"column":24},"end":{"line":74,"column":61}}]},"7":{"loc":{"start":{"line":80,"column":20},"end":{"line":80,"column":78}},"type":"binary-expr","locations":[{"start":{"line":80,"column":20},"end":{"line":80,"column":36}},{"start":{"line":80,"column":40},"end":{"line":80,"column":78}}]}},"s":{"0":0,"1":0,"2":0,"3":0,"4":0,"5":0,"6":0,"7":0,"8":0,"9":0,"10":0,"11":0,"12":0,"13":0,"14":0,"15":0,"16":0,"17":0,"18":0,"19":0,"20":0,"21":0,"22":0,"23":0,"24":0,"25":0,"26":0,"27":0,"28":0,"29":0,"30":0,"31":0,"32":0,"33":0,"34":0,"35":0,"36":0,"37":0,"38":0,"39":0,"40":0,"41":0},"f":{"0":0,"1":0,"2":0,"3":0,"4":0,"5":0,"6":0,"7":0,"8":0,"9":0},"b":{"0":[0,0],"1":[0,0],"2":[0,0],"3":[0,0],"4":[0,0],"5":[0,0],"6":[0,0,0],"7":[0,0]}}
,"/Users/joostvandoremalen/Development/freshheads/nestjs-client-gen/src/index.ts": {"path":"/Users/joostvandoremalen/Development/freshheads/nestjs-client-gen/src/index.ts","statementMap":{"0":{"start":{"line":1,"column":0},"end":{"line":1,"column":35}},"1":{"start":{"line":2,"column":0},"end":{"line":2,"column":45}},"2":{"start":{"line":3,"column":0},"end":{"line":3,"column":40}},"3":{"start":{"line":5,"column":16},"end":{"line":5,"column":60}},"4":{"start":{"line":6,"column":19},"end":{"line":13,"column":null}},"5":{"start":{"line":16,"column":31},"end":{"line":17,"column":null}},"6":{"start":{"line":16,"column":17},"end":{"line":16,"column":19}},"7":{"start":{"line":16,"column":26},"end":{"line":16,"column":31}},"8":{"start":{"line":19,"column":0},"end":{"line":19,"column":35}},"9":{"start":{"line":21,"column":0},"end":{"line":23,"column":2}},"10":{"start":{"line":22,"column":37},"end":{"line":22,"column":77}},"11":{"start":{"line":22,"column":64},"end":{"line":22,"column":76}}},"fnMap":{"0":{"name":"(anonymous_0)","decl":{"start":{"line":22,"column":32},"end":{"line":22,"column":33}},"loc":{"start":{"line":22,"column":33},"end":{"line":22,"column":38}}},"1":{"name":"(anonymous_1)","decl":{"start":{"line":22,"column":59},"end":{"line":22,"column":60}},"loc":{"start":{"line":22,"column":60},"end":{"line":22,"column":65}}}},"branchMap":{},"s":{"0":0,"1":0,"2":0,"3":0,"4":0,"5":0,"6":0,"7":0,"8":0,"9":0,"10":0,"11":0},"f":{"0":0,"1":0},"b":{}}
,"/Users/joostvandoremalen/Development/freshheads/nestjs-client-gen/src/parser.ts": {"path":"/Users/joostvandoremalen/Development/freshheads/nestjs-client-gen/src/parser.ts","statementMap":{"0":{"start":{"line":1,"column":0},"end":{"line":1,"column":null}},"1":{"start":{"line":10,"column":0},"end":{"line":10,"column":null}},"2":{"start":{"line":20,"column":28},"end":{"line":20,"column":30}},"3":{"start":{"line":21,"column":33},"end":{"line":21,"column":35}},"4":{"start":{"line":23,"column":64},"end":{"line":29,"column":2}},"5":{"start":{"line":31,"column":29},"end":{"line":45,"column":1}},"6":{"start":{"line":34,"column":23},"end":{"line":34,"column":45}},"7":{"start":{"line":35,"column":4},"end":{"line":43,"column":null}},"8":{"start":{"line":35,"column":28},"end":{"line":35,"column":38}},"9":{"start":{"line":35,"column":24},"end":{"line":35,"column":28}},"10":{"start":{"line":36,"column":30},"end":{"line":36,"column":70}},"11":{"start":{"line":37,"column":18},"end":{"line":39,"column":23}},"12":{"start":{"line":40,"column":8},"end":{"line":42,"column":null}},"13":{"start":{"line":41,"column":12},"end":{"line":41,"column":75}},"14":{"start":{"line":44,"column":4},"end":{"line":44,"column":11}},"15":{"start":{"line":47,"column":30},"end":{"line":115,"column":1}},"16":{"start":{"line":52,"column":18},"end":{"line":54,"column":50}},"17":{"start":{"line":55,"column":25},"end":{"line":55,"column":58}},"18":{"start":{"line":56,"column":4},"end":{"line":58,"column":null}},"19":{"start":{"line":57,"column":8},"end":{"line":57,"column":37}},"20":{"start":{"line":59,"column":4},"end":{"line":59,"column":46}},"21":{"start":{"line":60,"column":4},"end":{"line":60,"column":48}},"22":{"start":{"line":62,"column":29},"end":{"line":62,"column":51}},"23":{"start":{"line":63,"column":4},"end":{"line":63,"column":57}},"24":{"start":{"line":64,"column":4},"end":{"line":66,"column":null}},"25":{"start":{"line":65,"column":8},"end":{"line":65,"column":39}},"26":{"start":{"line":68,"column":4},"end":{"line":70,"column":null}},"27":{"start":{"line":69,"column":8},"end":{"line":69,"column":49}},"28":{"start":{"line":72,"column":21},"end":{"line":82,"column":6}},"29":{"start":{"line":84,"column":4},"end":{"line":89,"column":6}},"30":{"start":{"line":88,"column":40},"end":{"line":88,"column":52}},"31":{"start":{"line":91,"column":4},"end":{"line":112,"column":null}},"32":{"start":{"line":91,"column":24},"end":{"line":91,"column":30}},"33":{"start":{"line":91,"column":24},"end":{"line":91,"column":46}},"34":{"start":{"line":91,"column":20},"end":{"line":91,"column":24}},"35":{"start":{"line":92,"column":21},"end":{"line":92,"column":77}},"36":{"start":{"line":93,"column":8},"end":{"line":93,"column":35}},"37":{"start":{"line":94,"column":27},"end":{"line":94,"column":43}},"38":{"start":{"line":95,"column":8},"end":{"line":97,"column":null}},"39":{"start":{"line":96,"column":12},"end":{"line":96,"column":37}},"40":{"start":{"line":99,"column":27},"end":{"line":101,"column":50}},"41":{"start":{"line":101,"column":30},"end":{"line":101,"column":50}},"42":{"start":{"line":103,"column":21},"end":{"line":103,"column":36}},"43":{"start":{"line":104,"column":8},"end":{"line":104,"column":38}},"44":{"start":{"line":105,"column":8},"end":{"line":111,"column":null}},"45":{"start":{"line":106,"column":12},"end":{"line":106,"column":63}},"46":{"start":{"line":107,"column":15},"end":{"line":111,"column":null}},"47":{"start":{"line":108,"column":12},"end":{"line":108,"column":65}},"48":{"start":{"line":109,"column":15},"end":{"line":111,"column":null}},"49":{"start":{"line":110,"column":12},"end":{"line":110,"column":64}},"50":{"start":{"line":114,"column":4},"end":{"line":114,"column":77}},"51":{"start":{"line":117,"column":29},"end":{"line":135,"column":1}},"52":{"start":{"line":121,"column":4},"end":{"line":121,"column":51}},"53":{"start":{"line":122,"column":20},"end":{"line":122,"column":49}},"54":{"start":{"line":123,"column":4},"end":{"line":134,"column":null}},"55":{"start":{"line":123,"column":25},"end":{"line":123,"column":32}},"56":{"start":{"line":123,"column":21},"end":{"line":123,"column":25}},"57":{"start":{"line":124,"column":34},"end":{"line":124,"column":62}},"58":{"start":{"line":125,"column":8},"end":{"line":125,"column":46}},"59":{"start":{"line":125,"column":39},"end":{"line":125,"column":46}},"60":{"start":{"line":126,"column":37},"end":{"line":126,"column":55}},"61":{"start":{"line":128,"column":12},"end":{"line":132,"column":26}},"62":{"start":{"line":130,"column":29},"end":{"line":130,"column":33}},"63":{"start":{"line":131,"column":22},"end":{"line":131,"column":46}},"64":{"start":{"line":133,"column":8},"end":{"line":133,"column":57}},"65":{"start":{"line":137,"column":21},"end":{"line":159,"column":1}},"66":{"start":{"line":138,"column":4},"end":{"line":158,"column":null}},"67":{"start":{"line":138,"column":36},"end":{"line":138,"column":43}},"68":{"start":{"line":138,"column":32},"end":{"line":138,"column":36}},"69":{"start":{"line":139,"column":26},"end":{"line":142,"column":30}},"70":{"start":{"line":144,"column":22},"end":{"line":146,"column":38}},"71":{"start":{"line":146,"column":24},"end":{"line":146,"column":38}},"72":{"start":{"line":147,"column":18},"end":{"line":149,"column":27}},"73":{"start":{"line":150,"column":8},"end":{"line":157,"column":null}},"74":{"start":{"line":150,"column":27},"end":{"line":150,"column":32}},"75":{"start":{"line":150,"column":23},"end":{"line":150,"column":27}},"76":{"start":{"line":151,"column":12},"end":{"line":156,"column":null}},"77":{"start":{"line":152,"column":16},"end":{"line":155,"column":18}},"78":{"start":{"line":161,"column":24},"end":{"line":183,"column":1}},"79":{"start":{"line":162,"column":20},"end":{"line":162,"column":48}},"80":{"start":{"line":163,"column":4},"end":{"line":163,"column":26}},"81":{"start":{"line":165,"column":20},"end":{"line":165,"column":37}},"82":{"start":{"line":166,"column":4},"end":{"line":182,"column":null}},"83":{"start":{"line":166,"column":35},"end":{"line":166,"column":42}},"84":{"start":{"line":166,"column":31},"end":{"line":166,"column":35}},"85":{"start":{"line":167,"column":27},"end":{"line":167,"column":59}},"86":{"start":{"line":168,"column":8},"end":{"line":181,"column":null}},"87":{"start":{"line":168,"column":32},"end":{"line":168,"column":42}},"88":{"start":{"line":168,"column":28},"end":{"line":168,"column":32}},"89":{"start":{"line":169,"column":12},"end":{"line":180,"column":null}},"90":{"start":{"line":170,"column":16},"end":{"line":170,"column":68}},"91":{"start":{"line":171,"column":33},"end":{"line":173,"column":31}},"92":{"start":{"line":174,"column":31},"end":{"line":176,"column":null}},"93":{"start":{"line":178,"column":16},"end":{"line":178,"column":36}},"94":{"start":{"line":179,"column":16},"end":{"line":179,"column":22}},"95":{"start":{"line":185,"column":13},"end":{"line":213,"column":2}},"96":{"start":{"line":188,"column":4},"end":{"line":188,"column":22}},"97":{"start":{"line":189,"column":4},"end":{"line":189,"column":20}},"98":{"start":{"line":191,"column":20},"end":{"line":193,"column":6}},"99":{"start":{"line":194,"column":4},"end":{"line":196,"column":null}},"100":{"start":{"line":194,"column":23},"end":{"line":194,"column":30}},"101":{"start":{"line":194,"column":23},"end":{"line":194,"column":47}},"102":{"start":{"line":194,"column":19},"end":{"line":194,"column":23}},"103":{"start":{"line":195,"column":8},"end":{"line":195,"column":30}},"104":{"start":{"line":198,"column":32},"end":{"line":205,"column":10}},"105":{"start":{"line":200,"column":19},"end":{"line":200,"column":21}},"106":{"start":{"line":200,"column":26},"end":{"line":200,"column":27}},"107":{"start":{"line":201,"column":8},"end":{"line":203,"column":null}},"108":{"start":{"line":202,"column":12},"end":{"line":202,"column":77}},"109":{"start":{"line":204,"column":8},"end":{"line":204,"column":19}},"110":{"start":{"line":207,"column":20},"end":{"line":210,"column":null}},"111":{"start":{"line":208,"column":19},"end":{"line":208,"column":21}},"112":{"start":{"line":208,"column":28},"end":{"line":208,"column":29}},"113":{"start":{"line":209,"column":12},"end":{"line":209,"column":77}},"114":{"start":{"line":212,"column":4},"end":{"line":212,"column":48}}},"fnMap":{"0":{"name":"(anonymous_0)","decl":{"start":{"line":31,"column":29},"end":{"line":31,"column":null}},"loc":{"start":{"line":32,"column":29},"end":{"line":45,"column":1}}},"1":{"name":"(anonymous_1)","decl":{"start":{"line":47,"column":30},"end":{"line":47,"column":null}},"loc":{"start":{"line":50,"column":17},"end":{"line":115,"column":1}}},"2":{"name":"(anonymous_2)","decl":{"start":{"line":88,"column":35},"end":{"line":88,"column":36}},"loc":{"start":{"line":88,"column":36},"end":{"line":88,"column":41}}},"3":{"name":"(anonymous_3)","decl":{"start":{"line":101,"column":17},"end":{"line":101,"column":26}},"loc":{"start":{"line":101,"column":26},"end":{"line":101,"column":39}}},"4":{"name":"(anonymous_4)","decl":{"start":{"line":117,"column":29},"end":{"line":117,"column":null}},"loc":{"start":{"line":119,"column":24},"end":{"line":135,"column":1}}},"5":{"name":"(anonymous_5)","decl":{"start":{"line":130,"column":24},"end":{"line":130,"column":25}},"loc":{"start":{"line":130,"column":25},"end":{"line":130,"column":30}}},"6":{"name":"(anonymous_6)","decl":{"start":{"line":131,"column":21},"end":{"line":131,"column":22}},"loc":{"start":{"line":131,"column":22},"end":{"line":131,"column":46}}},"7":{"name":"(anonymous_7)","decl":{"start":{"line":137,"column":21},"end":{"line":137,"column":22}},"loc":{"start":{"line":137,"column":50},"end":{"line":159,"column":1}}},"8":{"name":"(anonymous_8)","decl":{"start":{"line":146,"column":17},"end":{"line":146,"column":20}},"loc":{"start":{"line":146,"column":20},"end":{"line":146,"column":27}}},"9":{"name":"(anonymous_9)","decl":{"start":{"line":161,"column":24},"end":{"line":161,"column":25}},"loc":{"start":{"line":161,"column":41},"end":{"line":183,"column":1}}},"10":{"name":"(anonymous_10)","decl":{"start":{"line":185,"column":28},"end":{"line":185,"column":null}},"loc":{"start":{"line":186,"column":28},"end":{"line":213,"column":1}}},"11":{"name":"(anonymous_11)","decl":{"start":{"line":200,"column":6},"end":{"line":200,"column":7}},"loc":{"start":{"line":200,"column":27},"end":{"line":205,"column":5}}},"12":{"name":"(anonymous_12)","decl":{"start":{"line":208,"column":8},"end":{"line":208,"column":9}},"loc":{"start":{"line":208,"column":29},"end":{"line":210,"column":9}}}},"branchMap":{"0":{"loc":{"start":{"line":37,"column":18},"end":{"line":39,"column":23}},"type":"cond-expr","locations":[{"start":{"line":38,"column":63},"end":{"line":38,"column":null}},{"start":{"line":38,"column":63},"end":{"line":39,"column":23}}]},"1":{"loc":{"start":{"line":37,"column":18},"end":{"line":38,"column":null}},"type":"binary-expr","locations":[{"start":{"line":37,"column":18},"end":{"line":38,"column":null}},{"start":{"line":38,"column":63},"end":{"line":38,"column":null}}]},"2":{"loc":{"start":{"line":37,"column":21},"end":{"line":38,"column":null}},"type":"cond-expr","locations":[{"start":{"line":37,"column":30},"end":{"line":37,"column":null}},{"start":{"line":37,"column":21},"end":{"line":38,"column":null}}]},"3":{"loc":{"start":{"line":37,"column":21},"end":{"line":37,"column":null}},"type":"binary-expr","locations":[{"start":{"line":37,"column":21},"end":{"line":37,"column":null}},{"start":{"line":37,"column":21},"end":{"line":37,"column":null}}]},"4":{"loc":{"start":{"line":40,"column":8},"end":{"line":42,"column":null}},"type":"if","locations":[{"start":{"line":40,"column":8},"end":{"line":42,"column":null}}]},"5":{"loc":{"start":{"line":52,"column":18},"end":{"line":54,"column":50}},"type":"cond-expr","locations":[{"start":{"line":53,"column":24},"end":{"line":53,"column":null}},{"start":{"line":53,"column":24},"end":{"line":54,"column":50}}]},"6":{"loc":{"start":{"line":52,"column":18},"end":{"line":53,"column":null}},"type":"binary-expr","locations":[{"start":{"line":52,"column":18},"end":{"line":53,"column":null}},{"start":{"line":53,"column":24},"end":{"line":53,"column":null}}]},"7":{"loc":{"start":{"line":56,"column":4},"end":{"line":58,"column":null}},"type":"if","locations":[{"start":{"line":56,"column":4},"end":{"line":58,"column":null}}]},"8":{"loc":{"start":{"line":64,"column":4},"end":{"line":66,"column":null}},"type":"if","locations":[{"start":{"line":64,"column":4},"end":{"line":66,"column":null}}]},"9":{"loc":{"start":{"line":68,"column":4},"end":{"line":70,"column":null}},"type":"if","locations":[{"start":{"line":68,"column":4},"end":{"line":70,"column":null}}]},"10":{"loc":{"start":{"line":76,"column":20},"end":{"line":78,"column":23}},"type":"cond-expr","locations":[{"start":{"line":77,"column":14},"end":{"line":77,"column":60}},{"start":{"line":78,"column":14},"end":{"line":78,"column":23}}]},"11":{"loc":{"start":{"line":95,"column":8},"end":{"line":97,"column":null}},"type":"if","locations":[{"start":{"line":95,"column":8},"end":{"line":97,"column":null}}]},"12":{"loc":{"start":{"line":105,"column":8},"end":{"line":111,"column":null}},"type":"if","locations":[{"start":{"line":105,"column":8},"end":{"line":111,"column":null}},{"start":{"line":107,"column":15},"end":{"line":111,"column":null}}]},"13":{"loc":{"start":{"line":107,"column":15},"end":{"line":111,"column":null}},"type":"if","locations":[{"start":{"line":107,"column":15},"end":{"line":111,"column":null}},{"start":{"line":109,"column":15},"end":{"line":111,"column":null}}]},"14":{"loc":{"start":{"line":109,"column":15},"end":{"line":111,"column":null}},"type":"if","locations":[{"start":{"line":109,"column":15},"end":{"line":111,"column":null}}]},"15":{"loc":{"start":{"line":114,"column":35},"end":{"line":114,"column":64}},"type":"binary-expr","locations":[{"start":{"line":114,"column":35},"end":{"line":114,"column":58}},{"start":{"line":114,"column":62},"end":{"line":114,"column":64}}]},"16":{"loc":{"start":{"line":125,"column":8},"end":{"line":125,"column":46}},"type":"if","locations":[{"start":{"line":125,"column":8},"end":{"line":125,"column":46}}]},"17":{"loc":{"start":{"line":131,"column":26},"end":{"line":131,"column":46}},"type":"cond-expr","locations":[{"start":{"line":131,"column":27},"end":{"line":131,"column":29}},{"start":{"line":131,"column":26},"end":{"line":131,"column":46}}]},"18":{"loc":{"start":{"line":131,"column":26},"end":{"line":131,"column":29}},"type":"binary-expr","locations":[{"start":{"line":131,"column":26},"end":{"line":131,"column":29}},{"start":{"line":131,"column":26},"end":{"line":131,"column":29}}]},"19":{"loc":{"start":{"line":147,"column":18},"end":{"line":149,"column":27}},"type":"cond-expr","locations":[{"start":{"line":148,"column":43},"end":{"line":148,"column":null}},{"start":{"line":148,"column":43},"end":{"line":149,"column":27}}]},"20":{"loc":{"start":{"line":147,"column":18},"end":{"line":148,"column":null}},"type":"binary-expr","locations":[{"start":{"line":147,"column":18},"end":{"line":148,"column":null}},{"start":{"line":148,"column":43},"end":{"line":148,"column":null}}]},"21":{"loc":{"start":{"line":151,"column":12},"end":{"line":156,"column":null}},"type":"if","locations":[{"start":{"line":151,"column":12},"end":{"line":156,"column":null}}]},"22":{"loc":{"start":{"line":169,"column":12},"end":{"line":180,"column":null}},"type":"if","locations":[{"start":{"line":169,"column":12},"end":{"line":180,"column":null}}]},"23":{"loc":{"start":{"line":171,"column":33},"end":{"line":173,"column":31}},"type":"cond-expr","locations":[{"start":{"line":172,"column":71},"end":{"line":172,"column":null}},{"start":{"line":172,"column":71},"end":{"line":173,"column":31}}]},"24":{"loc":{"start":{"line":171,"column":33},"end":{"line":172,"column":null}},"type":"binary-expr","locations":[{"start":{"line":171,"column":33},"end":{"line":172,"column":null}},{"start":{"line":172,"column":71},"end":{"line":172,"column":null}}]},"25":{"loc":{"start":{"line":201,"column":8},"end":{"line":203,"column":null}},"type":"if","locations":[{"start":{"line":201,"column":8},"end":{"line":203,"column":null}}]},"26":{"loc":{"start":{"line":202,"column":40},"end":{"line":202,"column":66}},"type":"binary-expr","locations":[{"start":{"line":202,"column":40},"end":{"line":202,"column":60}},{"start":{"line":202,"column":64},"end":{"line":202,"column":66}}]}},"s":{"0":0,"1":0,"2":0,"3":0,"4":0,"5":0,"6":0,"7":0,"8":0,"9":0,"10":0,"11":0,"12":0,"13":0,"14":0,"15":0,"16":0,"17":0,"18":0,"19":0,"20":0,"21":0,"22":0,"23":0,"24":0,"25":0,"26":0,"27":0,"28":0,"29":0,"30":0,"31":0,"32":0,"33":0,"34":0,"35":0,"36":0,"37":0,"38":0,"39":0,"40":0,"41":0,"42":0,"43":0,"44":0,"45":0,"46":0,"47":0,"48":0,"49":0,"50":0,"51":0,"52":0,"53":0,"54":0,"55":0,"56":0,"57":0,"58":0,"59":0,"60":0,"61":0,"62":0,"63":0,"64":0,"65":0,"66":0,"67":0,"68":0,"69":0,"70":0,"71":0,"72":0,"73":0,"74":0,"75":0,"76":0,"77":0,"78":0,"79":0,"80":0,"81":0,"82":0,"83":0,"84":0,"85":0,"86":0,"87":0,"88":0,"89":0,"90":0,"91":0,"92":0,"93":0,"94":0,"95":0,"96":0,"97":0,"98":0,"99":0,"100":0,"101":0,"102":0,"103":0,"104":0,"105":0,"106":0,"107":0,"108":0,"109":0,"110":0,"111":0,"112":0,"113":0,"114":0},"f":{"0":0,"1":0,"2":0,"3":0,"4":0,"5":0,"6":0,"7":0,"8":0,"9":0,"10":0,"11":0,"12":0},"b":{"0":[0,0],"1":[0,0],"2":[0,0],"3":[0,0],"4":[0],"5":[0,0],"6":[0,0],"7":[0],"8":[0],"9":[0],"10":[0,0],"11":[0],"12":[0,0],"13":[0,0],"14":[0],"15":[0,0],"16":[0],"17":[0,0],"18":[0,0],"19":[0,0],"20":[0,0],"21":[0],"22":[0],"23":[0,0],"24":[0,0],"25":[0],"26":[0,0]}}
,"/Users/joostvandoremalen/Development/freshheads/nestjs-client-gen/src/types.ts": {"path":"/Users/joostvandoremalen/Development/freshheads/nestjs-client-gen/src/types.ts","statementMap":{"0":{"start":{"line":1,"column":0},"end":{"line":1,"column":null}},"1":{"start":{"line":2,"column":4},"end":{"line":2,"column":null}},"2":{"start":{"line":3,"column":4},"end":{"line":3,"column":null}},"3":{"start":{"line":4,"column":4},"end":{"line":4,"column":null}},"4":{"start":{"line":5,"column":4},"end":{"line":5,"column":null}},"5":{"start":{"line":6,"column":4},"end":{"line":6,"column":null}}},"fnMap":{"0":{"name":"(anonymous_0)","decl":{"start":{"line":1,"column":0},"end":{"line":1,"column":12}},"loc":{"start":{"line":1,"column":20},"end":{"line":7,"column":1}}}},"branchMap":{"0":{"loc":{"start":{"line":1,"column":12},"end":{"line":1,"column":null}},"type":"binary-expr","locations":[{"start":{"line":1,"column":12},"end":{"line":1,"column":20}},{"start":{"line":1,"column":12},"end":{"line":1,"column":null}}]}},"s":{"0":0,"1":0,"2":0,"3":0,"4":0,"5":0},"f":{"0":0},"b":{"0":[0,0]}}
}
