TN:
SF:src/generator.ts
FN:14,(anonymous_0)
FN:35,(anonymous_1)
FN:37,(anonymous_2)
FN:43,(anonymous_3)
FN:44,(anonymous_4)
FN:45,(anonymous_5)
FN:61,(anonymous_6)
FN:76,(anonymous_7)
FN:82,(anonymous_8)
FN:89,(anonymous_9)
FNF:10
FNH:0
FNDA:0,(anonymous_0)
FNDA:0,(anonymous_1)
FNDA:0,(anonymous_2)
FNDA:0,(anonymous_3)
FNDA:0,(anonymous_4)
FNDA:0,(anonymous_5)
FNDA:0,(anonymous_6)
FNDA:0,(anonymous_7)
FNDA:0,(anonymous_8)
FNDA:0,(anonymous_9)
DA:1,0
DA:2,0
DA:10,0
DA:14,0
DA:15,0
DA:16,0
DA:17,0
DA:35,0
DA:36,0
DA:37,0
DA:38,0
DA:43,0
DA:44,0
DA:45,0
DA:46,0
DA:49,0
DA:54,0
DA:62,0
DA:76,0
DA:82,0
DA:89,0
DA:90,0
DA:91,0
DA:92,0
DA:95,0
DA:96,0
DA:97,0
DA:98,0
DA:100,0
DA:103,0
LF:30
LH:0
BRDA:36,0,0,0
BRDA:36,0,1,0
BRDA:45,1,0,0
BRDA:45,1,1,0
BRDA:59,2,0,0
BRDA:59,2,1,0
BRDA:59,3,0,0
BRDA:59,3,1,0
BRDA:65,4,0,0
BRDA:65,4,1,0
BRDA:65,5,0,0
BRDA:65,5,1,0
BRDA:70,6,0,0
BRDA:70,6,1,0
BRDA:70,6,2,0
BRDA:80,7,0,0
BRDA:80,7,1,0
BRF:17
BRH:0
end_of_record
TN:
SF:src/index.ts
FN:22,(anonymous_0)
FN:22,(anonymous_1)
FNF:2
FNH:0
FNDA:0,(anonymous_0)
FNDA:0,(anonymous_1)
DA:1,0
DA:2,0
DA:3,0
DA:5,0
DA:6,0
DA:16,0
DA:19,0
DA:21,0
DA:22,0
LF:9
LH:0
BRF:0
BRH:0
end_of_record
TN:
SF:src/parser.ts
FN:31,(anonymous_0)
FN:47,(anonymous_1)
FN:88,(anonymous_2)
FN:101,(anonymous_3)
FN:117,(anonymous_4)
FN:130,(anonymous_5)
FN:131,(anonymous_6)
FN:137,(anonymous_7)
FN:146,(anonymous_8)
FN:161,(anonymous_9)
FN:185,(anonymous_10)
FN:200,(anonymous_11)
FN:208,(anonymous_12)
FNF:13
FNH:0
FNDA:0,(anonymous_0)
FNDA:0,(anonymous_1)
FNDA:0,(anonymous_2)
FNDA:0,(anonymous_3)
FNDA:0,(anonymous_4)
FNDA:0,(anonymous_5)
FNDA:0,(anonymous_6)
FNDA:0,(anonymous_7)
FNDA:0,(anonymous_8)
FNDA:0,(anonymous_9)
FNDA:0,(anonymous_10)
FNDA:0,(anonymous_11)
FNDA:0,(anonymous_12)
DA:1,0
DA:10,0
DA:20,0
DA:21,0
DA:23,0
DA:31,0
DA:34,0
DA:35,0
DA:36,0
DA:37,0
DA:40,0
DA:41,0
DA:44,0
DA:47,0
DA:52,0
DA:55,0
DA:56,0
DA:57,0
DA:59,0
DA:60,0
DA:62,0
DA:63,0
DA:64,0
DA:65,0
DA:68,0
DA:69,0
DA:72,0
DA:84,0
DA:88,0
DA:91,0
DA:92,0
DA:93,0
DA:94,0
DA:95,0
DA:96,0
DA:99,0
DA:101,0
DA:103,0
DA:104,0
DA:105,0
DA:106,0
DA:107,0
DA:108,0
DA:109,0
DA:110,0
DA:114,0
DA:117,0
DA:121,0
DA:122,0
DA:123,0
DA:124,0
DA:125,0
DA:126,0
DA:128,0
DA:130,0
DA:131,0
DA:133,0
DA:137,0
DA:138,0
DA:139,0
DA:144,0
DA:146,0
DA:147,0
DA:150,0
DA:151,0
DA:152,0
DA:161,0
DA:162,0
DA:163,0
DA:165,0
DA:166,0
DA:167,0
DA:168,0
DA:169,0
DA:170,0
DA:171,0
DA:174,0
DA:178,0
DA:179,0
DA:185,0
DA:188,0
DA:189,0
DA:191,0
DA:194,0
DA:195,0
DA:198,0
DA:200,0
DA:201,0
DA:202,0
DA:204,0
DA:207,0
DA:208,0
DA:209,0
DA:212,0
LF:94
LH:0
BRDA:37,0,0,0
BRDA:37,0,1,0
BRDA:37,1,0,0
BRDA:37,1,1,0
BRDA:37,2,0,0
BRDA:37,2,1,0
BRDA:37,3,0,0
BRDA:37,3,1,0
BRDA:40,4,0,0
BRDA:52,5,0,0
BRDA:52,5,1,0
BRDA:52,6,0,0
BRDA:52,6,1,0
BRDA:56,7,0,0
BRDA:64,8,0,0
BRDA:68,9,0,0
BRDA:76,10,0,0
BRDA:76,10,1,0
BRDA:95,11,0,0
BRDA:105,12,0,0
BRDA:105,12,1,0
BRDA:107,13,0,0
BRDA:107,13,1,0
BRDA:109,14,0,0
BRDA:114,15,0,0
BRDA:114,15,1,0
BRDA:125,16,0,0
BRDA:131,17,0,0
BRDA:131,17,1,0
BRDA:131,18,0,0
BRDA:131,18,1,0
BRDA:147,19,0,0
BRDA:147,19,1,0
BRDA:147,20,0,0
BRDA:147,20,1,0
BRDA:151,21,0,0
BRDA:169,22,0,0
BRDA:171,23,0,0
BRDA:171,23,1,0
BRDA:171,24,0,0
BRDA:171,24,1,0
BRDA:201,25,0,0
BRDA:202,26,0,0
BRDA:202,26,1,0
BRF:44
BRH:0
end_of_record
TN:
SF:src/types.ts
FN:1,(anonymous_0)
FNF:1
FNH:0
FNDA:0,(anonymous_0)
DA:1,0
DA:2,0
DA:3,0
DA:4,0
DA:5,0
DA:6,0
LF:6
LH:0
BRDA:1,0,0,0
BRDA:1,0,1,0
BRF:2
BRH:0
end_of_record
